[14/Jun/2019:23:18:14] (ℹ️): WordPress Instance Info:
[14/Jun/2019:23:18:14] (ℹ️): Home URL : http://simonstockalert.com
[14/Jun/2019:23:18:14] (ℹ️): Site URL : http://simonstockalert.com
[14/Jun/2019:23:18:14] (ℹ️): WordPress Version : 5.2.1
[14/Jun/2019:23:18:14] (ℹ️): Onboarding Version : 1.4.1
[14/Jun/2019:23:18:14] (ℹ️): Multisite : No
[14/Jun/2019:23:18:14] (ℹ️): Server Info : Apache
[14/Jun/2019:23:18:14] (ℹ️): PHP Version : 7.0.33
[14/Jun/2019:23:18:14] (ℹ️): HTTPS : No
[14/Jun/2019:23:18:14] (ℹ️): PHP Max Execution Time : 90
[14/Jun/2019:23:18:14] (ℹ️): PHP Max Input Vars : 1000
[14/Jun/2019:23:18:14] (ℹ️): Max Upload Size : 67108864
[14/Jun/2019:23:18:14] (ℹ️): Plugins:
[14/Jun/2019:23:18:14] (ℹ️): [PLUGIN] Coming Soon Page &amp; Maintenance Mode by SeedProd : v5.0.25 (SeedProd)
[14/Jun/2019:23:18:14] (ℹ️): [PLUGIN] Elementor : v2.5.16 (Elementor.com)
[14/Jun/2019:23:18:14] (ℹ️): [PLUGIN] Google Analytics Dashboard for WP (GADWP) : v5.3.8 (ExactMetrics)
[14/Jun/2019:23:18:14] (ℹ️): [PLUGIN] Newsletter : v6.0.6 (Stefano Lissa &amp; The Newsletter Team)
[14/Jun/2019:23:18:14] (ℹ️): [PLUGIN] One Click Demo Import : v2.5.1 (ProteusThemes)
[14/Jun/2019:23:18:14] (ℹ️): [PLUGIN] Revisr : v2.0.2 (Expanded Fronts, LLC)
[14/Jun/2019:23:18:14] (ℹ️): [PLUGIN] UpdraftPlus - Backup/Restore : v1.16.15 (UpdraftPlus.Com, DavidAnderson)
[14/Jun/2019:23:18:14] (ℹ️): [PLUGIN] Visitors Traffic Real Time Statistics Free : v1.11 (wp-buy)
